
*** Running vivado
    with args -log design_1_wrapper.vds -m64 -product Vivado -mode batch -messageDb vivado.pb -notrace -source design_1_wrapper.tcl


****** Vivado v2023.2 (64-bit)
  **** SW Build 4029153 on Fri Oct 13 20:13:54 MDT 2023
  **** IP Build 4028589 on Sat Oct 14 00:45:43 MDT 2023
  **** SharedData Build 4025554 on Tue Oct 10 17:18:54 MDT 2023
    ** Copyright 1986-2022 Xilinx, Inc. All Rights Reserved.
    ** Copyright 2022-2023 Advanced Micro Devices, Inc. All Rights Reserved.

source design_1_wrapper.tcl -notrace
create_project: Time (s): cpu = 00:00:07 ; elapsed = 00:00:07 . Memory (MB): peak = 1320.941 ; gain = 0.023 ; free physical = 389 ; free virtual = 16147
INFO: [IP_Flow 19-234] Refreshing IP repositories
INFO: [IP_Flow 19-1700] Loaded user IP repository '/home/fluctlights/HlsProjects/bit_reversal/solution2/impl/ip'.
INFO: [IP_Flow 19-2313] Loaded Vivado IP repository '/home/fluctlights/Escritorio/PERTE/Diseño_de_Circuitos/Xilinx/Vivado/2023.2/data/ip'.
Command: read_checkpoint -auto_incremental -incremental /home/fluctlights/VivadoProjects/tfm_freertos/tfm_freertos.srcs/utils_1/imports/synth_1/design_1_wrapper.dcp
INFO: [Vivado 12-5825] Read reference checkpoint from /home/fluctlights/VivadoProjects/tfm_freertos/tfm_freertos.srcs/utils_1/imports/synth_1/design_1_wrapper.dcp for incremental synthesis
INFO: [Vivado 12-7989] Please ensure there are no constraint changes
Command: synth_design -top design_1_wrapper -part xc7a100tcsg324-3
Starting synth_design
Attempting to get a license for feature 'Synthesis' and/or device 'xc7a100t'
INFO: [Common 17-349] Got license for feature 'Synthesis' and/or device 'xc7a100t'
INFO: [Device 21-403] Loading part xc7a100tcsg324-3
INFO: [Designutils 20-5440] No compile time benefit to using incremental synthesis; A full resynthesis will be run
INFO: [Designutils 20-4379] Flow is switching to default flow due to incremental criteria not met. If you would like to alter this behaviour and have the flow terminate instead, please set the following parameter config_implementation {autoIncr.Synth.RejectBehavior Terminate}
INFO: [Synth 8-7079] Multithreading enabled for synth_design using a maximum of 4 processes.
INFO: [Synth 8-7078] Launching helper process for spawning children vivado processes
INFO: [Synth 8-7075] Helper process launched with PID 35013
---------------------------------------------------------------------------------
Starting RTL Elaboration : Time (s): cpu = 00:00:04 ; elapsed = 00:00:04 . Memory (MB): peak = 2044.727 ; gain = 405.715 ; free physical = 173 ; free virtual = 15261
---------------------------------------------------------------------------------
INFO: [Synth 8-6157] synthesizing module 'design_1_wrapper' [/home/fluctlights/VivadoProjects/tfm_freertos/tfm_freertos.srcs/sources_1/imports/hdl/design_1_wrapper.v:13]
INFO: [Synth 8-6157] synthesizing module 'design_1' [/home/fluctlights/VivadoProjects/tfm_freertos/tfm_freertos.gen/sources_1/bd/design_1/synth/design_1.v:13]
INFO: [Synth 8-6157] synthesizing module 'design_1_axis2fifo_0_0' [/home/fluctlights/VivadoProjects/tfm_freertos/tfm_freertos.runs/synth_1/.Xil/Vivado-34983-ubuntu/realtime/design_1_axis2fifo_0_0_stub.v:6]
INFO: [Synth 8-6155] done synthesizing module 'design_1_axis2fifo_0_0' (0#1) [/home/fluctlights/VivadoProjects/tfm_freertos/tfm_freertos.runs/synth_1/.Xil/Vivado-34983-ubuntu/realtime/design_1_axis2fifo_0_0_stub.v:6]
INFO: [Synth 8-6157] synthesizing module 'design_1_bit_reverse_accel_0_0' [/home/fluctlights/VivadoProjects/tfm_freertos/tfm_freertos.runs/synth_1/.Xil/Vivado-34983-ubuntu/realtime/design_1_bit_reverse_accel_0_0_stub.v:6]
INFO: [Synth 8-6155] done synthesizing module 'design_1_bit_reverse_accel_0_0' (0#1) [/home/fluctlights/VivadoProjects/tfm_freertos/tfm_freertos.runs/synth_1/.Xil/Vivado-34983-ubuntu/realtime/design_1_bit_reverse_accel_0_0_stub.v:6]
WARNING: [Synth 8-7071] port 'm_axis_TVALID' of module 'design_1_bit_reverse_accel_0_0' is unconnected for instance 'bit_reverse_accel_1' [/home/fluctlights/VivadoProjects/tfm_freertos/tfm_freertos.gen/sources_1/bd/design_1/synth/design_1.v:54]
WARNING: [Synth 8-7071] port 'm_axis_TKEEP' of module 'design_1_bit_reverse_accel_0_0' is unconnected for instance 'bit_reverse_accel_1' [/home/fluctlights/VivadoProjects/tfm_freertos/tfm_freertos.gen/sources_1/bd/design_1/synth/design_1.v:54]
WARNING: [Synth 8-7071] port 'm_axis_TSTRB' of module 'design_1_bit_reverse_accel_0_0' is unconnected for instance 'bit_reverse_accel_1' [/home/fluctlights/VivadoProjects/tfm_freertos/tfm_freertos.gen/sources_1/bd/design_1/synth/design_1.v:54]
WARNING: [Synth 8-7023] instance 'bit_reverse_accel_1' of module 'design_1_bit_reverse_accel_0_0' has 14 connections declared, but only 11 given [/home/fluctlights/VivadoProjects/tfm_freertos/tfm_freertos.gen/sources_1/bd/design_1/synth/design_1.v:54]
INFO: [Synth 8-6157] synthesizing module 'design_1_fifo2axis_0_0' [/home/fluctlights/VivadoProjects/tfm_freertos/tfm_freertos.runs/synth_1/.Xil/Vivado-34983-ubuntu/realtime/design_1_fifo2axis_0_0_stub.v:6]
INFO: [Synth 8-6155] done synthesizing module 'design_1_fifo2axis_0_0' (0#1) [/home/fluctlights/VivadoProjects/tfm_freertos/tfm_freertos.runs/synth_1/.Xil/Vivado-34983-ubuntu/realtime/design_1_fifo2axis_0_0_stub.v:6]
INFO: [Synth 8-6155] done synthesizing module 'design_1' (0#1) [/home/fluctlights/VivadoProjects/tfm_freertos/tfm_freertos.gen/sources_1/bd/design_1/synth/design_1.v:13]
WARNING: [Synth 8-85] always block has no event control specified [/home/fluctlights/VivadoProjects/tfm_freertos/tfm_freertos.srcs/sources_1/imports/hdl/design_1_wrapper.v:41]
INFO: [Synth 8-6155] done synthesizing module 'design_1_wrapper' (0#1) [/home/fluctlights/VivadoProjects/tfm_freertos/tfm_freertos.srcs/sources_1/imports/hdl/design_1_wrapper.v:13]
---------------------------------------------------------------------------------
Finished RTL Elaboration : Time (s): cpu = 00:00:06 ; elapsed = 00:00:06 . Memory (MB): peak = 2119.695 ; gain = 480.684 ; free physical = 165 ; free virtual = 15167
---------------------------------------------------------------------------------
---------------------------------------------------------------------------------
Start Handling Custom Attributes
---------------------------------------------------------------------------------
---------------------------------------------------------------------------------
Finished Handling Custom Attributes : Time (s): cpu = 00:00:06 ; elapsed = 00:00:06 . Memory (MB): peak = 2137.508 ; gain = 498.496 ; free physical = 165 ; free virtual = 15166
---------------------------------------------------------------------------------
---------------------------------------------------------------------------------
Finished RTL Optimization Phase 1 : Time (s): cpu = 00:00:06 ; elapsed = 00:00:06 . Memory (MB): peak = 2137.508 ; gain = 498.496 ; free physical = 165 ; free virtual = 15166
---------------------------------------------------------------------------------
Netlist sorting complete. Time (s): cpu = 00:00:00 ; elapsed = 00:00:00 . Memory (MB): peak = 2137.508 ; gain = 0.000 ; free physical = 165 ; free virtual = 15166
INFO: [Project 1-570] Preparing netlist for logic optimization

Processing XDC Constraints
Initializing timing engine
Parsing XDC File [/home/fluctlights/VivadoProjects/tfm_freertos/tfm_freertos.gen/sources_1/bd/design_1/ip/design_1_bit_reverse_accel_0_0/design_1_bit_reverse_accel_0_0/design_1_bit_reverse_accel_1_0_in_context.xdc] for cell 'design_1_i/bit_reverse_accel_1'
Finished Parsing XDC File [/home/fluctlights/VivadoProjects/tfm_freertos/tfm_freertos.gen/sources_1/bd/design_1/ip/design_1_bit_reverse_accel_0_0/design_1_bit_reverse_accel_0_0/design_1_bit_reverse_accel_1_0_in_context.xdc] for cell 'design_1_i/bit_reverse_accel_1'
Parsing XDC File [/home/fluctlights/VivadoProjects/tfm_freertos/tfm_freertos.gen/sources_1/bd/design_1/ip/design_1_fifo2axis_0_0/design_1_fifo2axis_0_0/design_1_fifo2axis_0_0_in_context.xdc] for cell 'design_1_i/fifo2axis_0'
Finished Parsing XDC File [/home/fluctlights/VivadoProjects/tfm_freertos/tfm_freertos.gen/sources_1/bd/design_1/ip/design_1_fifo2axis_0_0/design_1_fifo2axis_0_0/design_1_fifo2axis_0_0_in_context.xdc] for cell 'design_1_i/fifo2axis_0'
Parsing XDC File [/home/fluctlights/VivadoProjects/tfm_freertos/tfm_freertos.gen/sources_1/bd/design_1/ip/design_1_axis2fifo_0_0/design_1_axis2fifo_0_0/design_1_axis2fifo_0_0_in_context.xdc] for cell 'design_1_i/axis2fifo_0'
Finished Parsing XDC File [/home/fluctlights/VivadoProjects/tfm_freertos/tfm_freertos.gen/sources_1/bd/design_1/ip/design_1_axis2fifo_0_0/design_1_axis2fifo_0_0/design_1_axis2fifo_0_0_in_context.xdc] for cell 'design_1_i/axis2fifo_0'
Parsing XDC File [/home/fluctlights/Escritorio/PERTE/TFM/tfm_freertos/Nexys-A7-100T-Master.xdc]
WARNING: [Vivado 12-584] No ports matched 'clk'. [/home/fluctlights/Escritorio/PERTE/TFM/tfm_freertos/Nexys-A7-100T-Master.xdc:7]
WARNING: [Vivado 12-584] No ports matched 'clk'. [/home/fluctlights/Escritorio/PERTE/TFM/tfm_freertos/Nexys-A7-100T-Master.xdc:8]
WARNING: [Vivado 12-584] No ports matched 'clk'. [/home/fluctlights/Escritorio/PERTE/TFM/tfm_freertos/Nexys-A7-100T-Master.xdc:9]
WARNING: [Vivado 12-507] No nets matched '<design_1_wrapper/clk>'. [/home/fluctlights/Escritorio/PERTE/TFM/tfm_freertos/Nexys-A7-100T-Master.xdc:10]
Finished Parsing XDC File [/home/fluctlights/Escritorio/PERTE/TFM/tfm_freertos/Nexys-A7-100T-Master.xdc]
WARNING: [Project 1-498] One or more constraints failed evaluation while reading constraint file [/home/fluctlights/Escritorio/PERTE/TFM/tfm_freertos/Nexys-A7-100T-Master.xdc] and the design contains unresolved black boxes. These constraints will be read post-synthesis (as long as their source constraint file is marked as used_in_implementation) and should be applied correctly then. You should review the constraints listed in the file [.Xil/design_1_wrapper_propImpl.xdc] and check the run log file to verify that these constraints were correctly applied.
INFO: [Project 1-236] Implementation specific constraints were found while reading constraint file [/home/fluctlights/Escritorio/PERTE/TFM/tfm_freertos/Nexys-A7-100T-Master.xdc]. These constraints will be ignored for synthesis but will be used in implementation. Impacted constraints are listed in the file [.Xil/design_1_wrapper_propImpl.xdc].
Resolution: To avoid this warning, move constraints listed in [.Xil/design_1_wrapper_propImpl.xdc] to another XDC file and exclude this new file from synthesis with the used_in_synthesis property (File Properties dialog in GUI) and re-run elaboration/synthesis.
Parsing XDC File [/home/fluctlights/VivadoProjects/tfm_freertos/tfm_freertos.runs/synth_1/dont_touch.xdc]
Finished Parsing XDC File [/home/fluctlights/VivadoProjects/tfm_freertos/tfm_freertos.runs/synth_1/dont_touch.xdc]
Completed Processing XDC Constraints

Netlist sorting complete. Time (s): cpu = 00:00:00 ; elapsed = 00:00:00 . Memory (MB): peak = 2210.445 ; gain = 0.000 ; free physical = 167 ; free virtual = 15163
INFO: [Project 1-111] Unisim Transformation Summary:
No Unisim elements were transformed.

Constraint Validation Runtime : Time (s): cpu = 00:00:00.01 ; elapsed = 00:00:00 . Memory (MB): peak = 2210.480 ; gain = 0.000 ; free physical = 167 ; free virtual = 15163
INFO: [Designutils 20-5440] No compile time benefit to using incremental synthesis; A full resynthesis will be run
INFO: [Designutils 20-4379] Flow is switching to default flow due to incremental criteria not met. If you would like to alter this behaviour and have the flow terminate instead, please set the following parameter config_implementation {autoIncr.Synth.RejectBehavior Terminate}
---------------------------------------------------------------------------------
Finished Constraint Validation : Time (s): cpu = 00:00:13 ; elapsed = 00:00:13 . Memory (MB): peak = 2210.480 ; gain = 571.469 ; free physical = 171 ; free virtual = 15149
---------------------------------------------------------------------------------
---------------------------------------------------------------------------------
Start Loading Part and Timing Information
---------------------------------------------------------------------------------
Loading part: xc7a100tcsg324-3
---------------------------------------------------------------------------------
Finished Loading Part and Timing Information : Time (s): cpu = 00:00:13 ; elapsed = 00:00:13 . Memory (MB): peak = 2210.480 ; gain = 571.469 ; free physical = 171 ; free virtual = 15149
---------------------------------------------------------------------------------
---------------------------------------------------------------------------------
Start Applying 'set_property' XDC Constraints
---------------------------------------------------------------------------------
Applied set_property KEEP_HIERARCHY = SOFT for design_1_i. (constraint file  auto generated constraint).
Applied set_property KEEP_HIERARCHY = SOFT for design_1_i/bit_reverse_accel_1. (constraint file  auto generated constraint).
Applied set_property KEEP_HIERARCHY = SOFT for design_1_i/fifo2axis_0. (constraint file  auto generated constraint).
Applied set_property KEEP_HIERARCHY = SOFT for design_1_i/axis2fifo_0. (constraint file  auto generated constraint).
---------------------------------------------------------------------------------
Finished applying 'set_property' XDC Constraints : Time (s): cpu = 00:00:13 ; elapsed = 00:00:13 . Memory (MB): peak = 2210.480 ; gain = 571.469 ; free physical = 171 ; free virtual = 15149
---------------------------------------------------------------------------------
---------------------------------------------------------------------------------
Finished RTL Optimization Phase 2 : Time (s): cpu = 00:00:13 ; elapsed = 00:00:13 . Memory (MB): peak = 2210.480 ; gain = 571.469 ; free physical = 171 ; free virtual = 15148
---------------------------------------------------------------------------------
---------------------------------------------------------------------------------
Start RTL Component Statistics 
---------------------------------------------------------------------------------
Detailed RTL Component Info : 
---------------------------------------------------------------------------------
Finished RTL Component Statistics 
---------------------------------------------------------------------------------
---------------------------------------------------------------------------------
Start Part Resource Summary
---------------------------------------------------------------------------------
Part Resources:
DSPs: 240 (col length:80)
BRAMs: 270 (col length: RAMB18 80 RAMB36 40)
---------------------------------------------------------------------------------
Finished Part Resource Summary
---------------------------------------------------------------------------------
---------------------------------------------------------------------------------
Start Cross Boundary and Area Optimization
---------------------------------------------------------------------------------
WARNING: [Synth 8-7080] Parallel synthesis criteria is not met
---------------------------------------------------------------------------------
Finished Cross Boundary and Area Optimization : Time (s): cpu = 00:00:14 ; elapsed = 00:00:15 . Memory (MB): peak = 2210.480 ; gain = 571.469 ; free physical = 150 ; free virtual = 15133
---------------------------------------------------------------------------------
---------------------------------------------------------------------------------
Start Applying XDC Timing Constraints
---------------------------------------------------------------------------------
---------------------------------------------------------------------------------
Finished Applying XDC Timing Constraints : Time (s): cpu = 00:00:19 ; elapsed = 00:00:19 . Memory (MB): peak = 2210.480 ; gain = 571.469 ; free physical = 177 ; free virtual = 15137
---------------------------------------------------------------------------------
---------------------------------------------------------------------------------
Start Timing Optimization
---------------------------------------------------------------------------------
---------------------------------------------------------------------------------
Finished Timing Optimization : Time (s): cpu = 00:00:19 ; elapsed = 00:00:19 . Memory (MB): peak = 2210.480 ; gain = 571.469 ; free physical = 177 ; free virtual = 15137
---------------------------------------------------------------------------------
---------------------------------------------------------------------------------
Start Technology Mapping
---------------------------------------------------------------------------------
---------------------------------------------------------------------------------
Finished Technology Mapping : Time (s): cpu = 00:00:19 ; elapsed = 00:00:19 . Memory (MB): peak = 2210.480 ; gain = 571.469 ; free physical = 177 ; free virtual = 15137
---------------------------------------------------------------------------------
---------------------------------------------------------------------------------
Start IO Insertion
---------------------------------------------------------------------------------
---------------------------------------------------------------------------------
Start Flattening Before IO Insertion
---------------------------------------------------------------------------------
---------------------------------------------------------------------------------
Finished Flattening Before IO Insertion
---------------------------------------------------------------------------------
---------------------------------------------------------------------------------
Start Final Netlist Cleanup
---------------------------------------------------------------------------------
---------------------------------------------------------------------------------
Finished Final Netlist Cleanup
---------------------------------------------------------------------------------
---------------------------------------------------------------------------------
Finished IO Insertion : Time (s): cpu = 00:00:23 ; elapsed = 00:00:24 . Memory (MB): peak = 2210.480 ; gain = 571.469 ; free physical = 181 ; free virtual = 15134
---------------------------------------------------------------------------------
---------------------------------------------------------------------------------
Start Renaming Generated Instances
---------------------------------------------------------------------------------
---------------------------------------------------------------------------------
Finished Renaming Generated Instances : Time (s): cpu = 00:00:23 ; elapsed = 00:00:24 . Memory (MB): peak = 2210.480 ; gain = 571.469 ; free physical = 181 ; free virtual = 15134
---------------------------------------------------------------------------------
---------------------------------------------------------------------------------
Start Rebuilding User Hierarchy
---------------------------------------------------------------------------------
---------------------------------------------------------------------------------
Finished Rebuilding User Hierarchy : Time (s): cpu = 00:00:23 ; elapsed = 00:00:24 . Memory (MB): peak = 2210.480 ; gain = 571.469 ; free physical = 181 ; free virtual = 15134
---------------------------------------------------------------------------------
---------------------------------------------------------------------------------
Start Renaming Generated Ports
---------------------------------------------------------------------------------
---------------------------------------------------------------------------------
Finished Renaming Generated Ports : Time (s): cpu = 00:00:23 ; elapsed = 00:00:24 . Memory (MB): peak = 2210.480 ; gain = 571.469 ; free physical = 181 ; free virtual = 15134
---------------------------------------------------------------------------------
---------------------------------------------------------------------------------
Start Handling Custom Attributes
---------------------------------------------------------------------------------
---------------------------------------------------------------------------------
Finished Handling Custom Attributes : Time (s): cpu = 00:00:23 ; elapsed = 00:00:24 . Memory (MB): peak = 2210.480 ; gain = 571.469 ; free physical = 181 ; free virtual = 15134
---------------------------------------------------------------------------------
---------------------------------------------------------------------------------
Start Renaming Generated Nets
---------------------------------------------------------------------------------
---------------------------------------------------------------------------------
Finished Renaming Generated Nets : Time (s): cpu = 00:00:23 ; elapsed = 00:00:24 . Memory (MB): peak = 2210.480 ; gain = 571.469 ; free physical = 181 ; free virtual = 15134
---------------------------------------------------------------------------------
---------------------------------------------------------------------------------
Start Writing Synthesis Report
---------------------------------------------------------------------------------

Report BlackBoxes: 
+------+-------------------------------+----------+
|      |BlackBox name                  |Instances |
+------+-------------------------------+----------+
|1     |design_1_axis2fifo_0_0         |         1|
|2     |design_1_bit_reverse_accel_0_0 |         1|
|3     |design_1_fifo2axis_0_0         |         1|
+------+-------------------------------+----------+

Report Cell Usage: 
+------+-----------------------------+------+
|      |Cell                         |Count |
+------+-----------------------------+------+
|1     |design_1_axis2fifo_0         |     1|
|2     |design_1_bit_reverse_accel_0 |     1|
|3     |design_1_fifo2axis_0         |     1|
|4     |LUT1                         |     1|
|5     |IBUF                         |    33|
|6     |OBUF                         |    33|
+------+-----------------------------+------+
---------------------------------------------------------------------------------
Finished Writing Synthesis Report : Time (s): cpu = 00:00:23 ; elapsed = 00:00:24 . Memory (MB): peak = 2210.480 ; gain = 571.469 ; free physical = 181 ; free virtual = 15134
---------------------------------------------------------------------------------
Synthesis finished with 0 errors, 0 critical warnings and 1 warnings.
Synthesis Optimization Runtime : Time (s): cpu = 00:00:22 ; elapsed = 00:00:22 . Memory (MB): peak = 2210.480 ; gain = 498.496 ; free physical = 181 ; free virtual = 15133
Synthesis Optimization Complete : Time (s): cpu = 00:00:23 ; elapsed = 00:00:24 . Memory (MB): peak = 2210.480 ; gain = 571.469 ; free physical = 181 ; free virtual = 15133
INFO: [Project 1-571] Translating synthesized netlist
Netlist sorting complete. Time (s): cpu = 00:00:00 ; elapsed = 00:00:00 . Memory (MB): peak = 2210.480 ; gain = 0.000 ; free physical = 181 ; free virtual = 15133
INFO: [Project 1-570] Preparing netlist for logic optimization
INFO: [Opt 31-138] Pushed 0 inverter(s) to 0 load pin(s).
Netlist sorting complete. Time (s): cpu = 00:00:00 ; elapsed = 00:00:00 . Memory (MB): peak = 2210.480 ; gain = 0.000 ; free physical = 443 ; free virtual = 15415
INFO: [Project 1-111] Unisim Transformation Summary:
No Unisim elements were transformed.

Synth Design complete | Checksum: aecebef1
INFO: [Common 17-83] Releasing license: Synthesis
32 Infos, 11 Warnings, 0 Critical Warnings and 0 Errors encountered.
synth_design completed successfully
synth_design: Time (s): cpu = 00:00:30 ; elapsed = 00:00:27 . Memory (MB): peak = 2210.480 ; gain = 889.539 ; free physical = 443 ; free virtual = 15416
INFO: [Common 17-2834] synth_design peak Physical Memory [PSS] (MB): overall = 1820.307; main = 1489.083; forked = 377.687
INFO: [Common 17-2834] synth_design peak Virtual Memory [VSS] (MB): overall = 3175.328; main = 2178.434; forked = 996.895
Write ShapeDB Complete: Time (s): cpu = 00:00:00 ; elapsed = 00:00:00 . Memory (MB): peak = 2210.480 ; gain = 0.000 ; free physical = 443 ; free virtual = 15416
INFO: [Common 17-1381] The checkpoint '/home/fluctlights/VivadoProjects/tfm_freertos/tfm_freertos.runs/synth_1/design_1_wrapper.dcp' has been generated.
INFO: [runtcl-4] Executing : report_utilization -file design_1_wrapper_utilization_synth.rpt -pb design_1_wrapper_utilization_synth.pb
INFO: [Common 17-206] Exiting Vivado at Sat Aug 16 21:27:31 2025...
