Copyright 1986-2022 Xilinx, Inc. All Rights Reserved. Copyright 2022-2023 Advanced Micro Devices, Inc. All Rights Reserved.
---------------------------------------------------------------------------------------------------------------------------------------------
| Tool Version : Vivado v.2023.2 (lin64) Build 4029153 Fri Oct 13 20:13:54 MDT 2023
| Date         : Fri Aug 15 18:27:24 2025
| Host         : ubuntu running 64-bit Ubuntu 22.04.5 LTS
| Command      : upgrade_ip
| Device       : xc7a100tcsg324-3
---------------------------------------------------------------------------------------------------------------------------------------------

Upgrade Log for IP 'design_1_bit_reverse_accel_1_0'

1. Summary
----------

SUCCESS in the update of design_1_bit_reverse_accel_1_0 (xilinx.com:hls:bit_reverse_accel:1.0 (Rev. 2114205346)) to current project options.






Copyright 1986-2022 Xilinx, Inc. All Rights Reserved. Copyright 2022-2023 Advanced Micro Devices, Inc. All Rights Reserved.
---------------------------------------------------------------------------------------------------------------------------------------------
| Tool Version : Vivado v.2023.2 (lin64) Build 4029153 Fri Oct 13 20:13:54 MDT 2023
| Date         : Thu Aug  7 14:56:51 2025
| Host         : ubuntu running 64-bit Ubuntu 22.04.5 LTS
| Command      : upgrade_ip
| Device       : xc7a200tfbg676-2
---------------------------------------------------------------------------------------------------------------------------------------------

Upgrade Log for IP 'design_1_bit_reverse_accel_1_0'

1. Summary
----------

CAUTION (success, with warnings) in the upgrade of design_1_bit_reverse_accel_1_0 (xilinx.com:hls:bit_reverse_accel:1.0) from (Rev. 2114201610) to (Rev. 2114205346)

After upgrade, an IP may have parameter and port differences compared to the original customization. Please review the parameters within the IP customization GUI to ensure proper functionality. Also, please review the updated IP instantiation template to ensure proper connectivity, and update your design if required.

2. Interface Information
------------------------

Detected external interface differences while upgrading 'design_1_bit_reverse_accel_1_0'.


-Upgrade has removed interface 'ap_ctrl'


3. Connection Warnings
----------------------

Detected external port differences while upgrading 'design_1_bit_reverse_accel_1_0'. These changes may impact your design.


-Upgrade has removed port 'ap_done'

-Upgrade has removed port 'ap_idle'

-Upgrade has removed port 'ap_ready'

-Upgrade has removed port 'ap_start'







Copyright 1986-2022 Xilinx, Inc. All Rights Reserved. Copyright 2022-2023 Advanced Micro Devices, Inc. All Rights Reserved.
---------------------------------------------------------------------------------------------------------------------------------------------
| Tool Version : Vivado v.2023.2 (lin64) Build 4029153 Fri Oct 13 20:13:54 MDT 2023
| Date         : Tue Aug  5 00:36:04 2025
| Host         : ubuntu running 64-bit Ubuntu 22.04.5 LTS
| Command      : upgrade_ip
| Device       : xc7a200tfbg676-2
---------------------------------------------------------------------------------------------------------------------------------------------

Upgrade Log for IP 'design_1_bit_reverse_accel_0_0'

1. Summary
----------

CAUTION (success, with warnings) in the upgrade of design_1_bit_reverse_accel_0_0 (xilinx.com:hls:bit_reverse_accel:1.0) from (Rev. 2114195595) to (Rev. 2114201610)

After upgrade, an IP may have parameter and port differences compared to the original customization. Please review the parameters within the IP customization GUI to ensure proper functionality. Also, please review the updated IP instantiation template to ensure proper connectivity, and update your design if required.

2. Interface Information
------------------------

Detected external interface differences while upgrading 'design_1_bit_reverse_accel_0_0'.


-Upgrade has added interface 'ap_ctrl' (xilinx.com:interface:acc_handshake:1.0)


3. Connection Warnings
----------------------

Detected external port differences while upgrading 'design_1_bit_reverse_accel_0_0'. These changes may impact your design.


-Upgrade has added port 'ap_done'

-Upgrade has added port 'ap_idle'

-Upgrade has added port 'ap_ready'

-Upgrade has added port 'ap_start'


